  [1m[35m (0.1ms)[0m  [1m[34mSELECT DATABASE() as db[0m
  [1m[35m (0.2ms)[0m  [1m[34mSELECT GET_LOCK('7077080345847617700', 0);[0m
  [1m[36mActiveRecord::SchemaMigration Load (0.5ms)[0m  [1m[34mSELECT `schema_migrations`.* FROM `schema_migrations`[0m
Migrating to RemakeListTable (20161109101353)
  [1m[35m (1.0ms)[0m  [1m[35mALTER TABLE `list_goode` DROP `COUNT`[0m
  [1m[35m (0.3ms)[0m  [1m[34mSELECT RELEASE_LOCK('7077080345847617700')[0m
  [1m[35m (0.1ms)[0m  [1m[34mSELECT DATABASE() as db[0m
  [1m[35m (0.1ms)[0m  [1m[34mSELECT GET_LOCK('7077080345847617700', 0);[0m
  [1m[36mActiveRecord::SchemaMigration Load (0.2ms)[0m  [1m[34mSELECT `schema_migrations`.* FROM `schema_migrations`[0m
Migrating to RemakeListTable (20161109101353)
  [1m[35m (42.2ms)[0m  [1m[35mALTER TABLE `list_goods` DROP `COUNT`[0m
  [1m[35m (10.2ms)[0m  [1m[35mALTER TABLE `list_goods` DROP `NAME`[0m
  [1m[35m (0.2ms)[0m  [1m[35mBEGIN[0m
  [1m[35mSQL (0.3ms)[0m  [1m[32mINSERT INTO `schema_migrations` (`version`) VALUES ('20161109101353')[0m
  [1m[35m (1.1ms)[0m  [1m[35mCOMMIT[0m
  [1m[36mActiveRecord::InternalMetadata Load (0.3ms)[0m  [1m[34mSELECT  `ar_internal_metadata`.* FROM `ar_internal_metadata` WHERE `ar_internal_metadata`.`key` = 'environment' LIMIT 1[0m
  [1m[35m (0.2ms)[0m  [1m[35mBEGIN[0m
  [1m[35m (0.1ms)[0m  [1m[35mCOMMIT[0m
  [1m[35m (0.1ms)[0m  [1m[34mSELECT RELEASE_LOCK('7077080345847617700')[0m
  [1m[36mActiveRecord::SchemaMigration Load (0.2ms)[0m  [1m[34mSELECT `schema_migrations`.* FROM `schema_migrations`[0m
  [1m[35m (0.1ms)[0m  [1m[35mSHOW CREATE TABLE `categories`[0m
  [1m[35m (0.2ms)[0m  [1m[35mSHOW TABLE STATUS LIKE 'categories'[0m
  [1m[35m (0.2ms)[0m  [1m[35mSHOW CREATE TABLE `contacts`[0m
  [1m[35m (0.2ms)[0m  [1m[35mSHOW CREATE TABLE `count_wants`[0m
  [1m[35m (0.4ms)[0m  [1m[35mSHOW TABLE STATUS LIKE 'count_wants'[0m
  [1m[35m (0.1ms)[0m  [1m[35mSHOW CREATE TABLE `list_goods`[0m
  [1m[35m (0.2ms)[0m  [1m[35mSHOW CREATE TABLE `user_pages`[0m
  [1m[35m (0.1ms)[0m  [1m[35mSHOW CREATE TABLE `users`[0m
  [1m[35m (0.2ms)[0m  [1m[35mSHOW TABLE STATUS LIKE 'users'[0m
  [1m[35m (0.1ms)[0m  [1m[35mSHOW CREATE TABLE `wants`[0m
  [1m[35m (0.2ms)[0m  [1m[35mSHOW TABLE STATUS LIKE 'wants'[0m
  [1m[35m (0.4ms)[0m  [1m[34mSELECT fk.referenced_table_name as 'to_table'
      ,fk.referenced_column_name as 'primary_key'
      ,fk.column_name as 'column'
      ,fk.constraint_name as 'name'
FROM information_schema.key_column_usage fk
WHERE fk.referenced_column_name is not null
  AND fk.table_schema = 'iWant_development'
  AND fk.table_name = 'categories'
[0m
  [1m[35m (0.4ms)[0m  [1m[34mSELECT fk.referenced_table_name as 'to_table'
      ,fk.referenced_column_name as 'primary_key'
      ,fk.column_name as 'column'
      ,fk.constraint_name as 'name'
FROM information_schema.key_column_usage fk
WHERE fk.referenced_column_name is not null
  AND fk.table_schema = 'iWant_development'
  AND fk.table_name = 'contacts'
[0m
  [1m[35m (0.6ms)[0m  [1m[34mSELECT fk.referenced_table_name as 'to_table'
      ,fk.referenced_column_name as 'primary_key'
      ,fk.column_name as 'column'
      ,fk.constraint_name as 'name'
FROM information_schema.key_column_usage fk
WHERE fk.referenced_column_name is not null
  AND fk.table_schema = 'iWant_development'
  AND fk.table_name = 'count_wants'
[0m
  [1m[35m (0.2ms)[0m  [1m[34mSELECT fk.referenced_table_name as 'to_table'
      ,fk.referenced_column_name as 'primary_key'
      ,fk.column_name as 'column'
      ,fk.constraint_name as 'name'
FROM information_schema.key_column_usage fk
WHERE fk.referenced_column_name is not null
  AND fk.table_schema = 'iWant_development'
  AND fk.table_name = 'list_goods'
[0m
  [1m[35m (0.2ms)[0m  [1m[34mSELECT fk.referenced_table_name as 'to_table'
      ,fk.referenced_column_name as 'primary_key'
      ,fk.column_name as 'column'
      ,fk.constraint_name as 'name'
FROM information_schema.key_column_usage fk
WHERE fk.referenced_column_name is not null
  AND fk.table_schema = 'iWant_development'
  AND fk.table_name = 'user_pages'
[0m
  [1m[35m (0.1ms)[0m  [1m[34mSELECT fk.referenced_table_name as 'to_table'
      ,fk.referenced_column_name as 'primary_key'
      ,fk.column_name as 'column'
      ,fk.constraint_name as 'name'
FROM information_schema.key_column_usage fk
WHERE fk.referenced_column_name is not null
  AND fk.table_schema = 'iWant_development'
  AND fk.table_name = 'users'
[0m
  [1m[35m (0.2ms)[0m  [1m[34mSELECT fk.referenced_table_name as 'to_table'
      ,fk.referenced_column_name as 'primary_key'
      ,fk.column_name as 'column'
      ,fk.constraint_name as 'name'
FROM information_schema.key_column_usage fk
WHERE fk.referenced_column_name is not null
  AND fk.table_schema = 'iWant_development'
  AND fk.table_name = 'wants'
[0m
